{"/home/prathamesh/MERN/Smart_Study_Tracker/backend/src/app.js": {"path":"/home/prathamesh/MERN/Smart_Study_Tracker/backend/src/app.js","statementMap":{"0":{"start":{"line":47,"column":12},"end":{"line":47,"column":21}},"1":{"start":{"line":65,"column":0},"end":{"line":65,"column":24}},"2":{"start":{"line":78,"column":0},"end":{"line":78,"column":48}},"3":{"start":{"line":86,"column":0},"end":{"line":93,"column":2}},"4":{"start":{"line":102,"column":0},"end":{"line":102,"column":33}},"5":{"start":{"line":103,"column":0},"end":{"line":103,"column":49}},"6":{"start":{"line":104,"column":0},"end":{"line":104,"column":39}},"7":{"start":{"line":111,"column":0},"end":{"line":111,"column":22}},"8":{"start":{"line":118,"column":0},"end":{"line":124,"column":3}},"9":{"start":{"line":119,"column":2},"end":{"line":123,"column":5}}},"fnMap":{"0":{"name":"(anonymous_0)","decl":{"start":{"line":118,"column":8},"end":{"line":118,"column":9}},"loc":{"start":{"line":118,"column":22},"end":{"line":124,"column":1}},"line":118}},"branchMap":{},"s":{"0":1,"1":1,"2":1,"3":1,"4":1,"5":1,"6":1,"7":1,"8":1,"9":1},"f":{"0":1},"b":{},"_coverageSchema":"1a1c01bbd47fc00a2c39e90264f33305004495a9","hash":"ce38a62e6dacc27c8c3737a6ec82a2e348b353ac"}
,"/home/prathamesh/MERN/Smart_Study_Tracker/backend/src/server.js": {"path":"/home/prathamesh/MERN/Smart_Study_Tracker/backend/src/server.js","statementMap":{"0":{"start":{"line":53,"column":0},"end":{"line":53,"column":16}},"1":{"start":{"line":58,"column":0},"end":{"line":58,"column":12}},"2":{"start":{"line":66,"column":13},"end":{"line":66,"column":37}},"3":{"start":{"line":71,"column":0},"end":{"line":75,"column":3}},"4":{"start":{"line":72,"column":2},"end":{"line":74,"column":4}},"5":{"start":{"line":90,"column":0},"end":{"line":96,"column":3}},"6":{"start":{"line":92,"column":2},"end":{"line":92,"column":53}},"7":{"start":{"line":94,"column":2},"end":{"line":94,"column":18}}},"fnMap":{"0":{"name":"(anonymous_0)","decl":{"start":{"line":71,"column":17},"end":{"line":71,"column":18}},"loc":{"start":{"line":71,"column":23},"end":{"line":75,"column":1}},"line":71},"1":{"name":"(anonymous_1)","decl":{"start":{"line":90,"column":33},"end":{"line":90,"column":34}},"loc":{"start":{"line":90,"column":42},"end":{"line":96,"column":1}},"line":90}},"branchMap":{"0":{"loc":{"start":{"line":66,"column":13},"end":{"line":66,"column":37}},"type":"binary-expr","locations":[{"start":{"line":66,"column":13},"end":{"line":66,"column":29}},{"start":{"line":66,"column":33},"end":{"line":66,"column":37}}],"line":66}},"s":{"0":0,"1":0,"2":0,"3":0,"4":0,"5":0,"6":0,"7":0},"f":{"0":0,"1":0},"b":{"0":[0,0]}}
,"/home/prathamesh/MERN/Smart_Study_Tracker/backend/src/config/db.js": {"path":"/home/prathamesh/MERN/Smart_Study_Tracker/backend/src/config/db.js","statementMap":{"0":{"start":{"line":3,"column":25},"end":{"line":11,"column":1}},"1":{"start":{"line":4,"column":4},"end":{"line":10,"column":5}},"2":{"start":{"line":5,"column":24},"end":{"line":5,"column":71}},"3":{"start":{"line":6,"column":8},"end":{"line":6,"column":69}},"4":{"start":{"line":8,"column":8},"end":{"line":8,"column":70}},"5":{"start":{"line":9,"column":8},"end":{"line":9,"column":24}}},"fnMap":{"0":{"name":"(anonymous_0)","decl":{"start":{"line":3,"column":25},"end":{"line":3,"column":26}},"loc":{"start":{"line":3,"column":36},"end":{"line":11,"column":1}},"line":3}},"branchMap":{},"s":{"0":0,"1":0,"2":0,"3":0,"4":0,"5":0},"f":{"0":0},"b":{}}
,"/home/prathamesh/MERN/Smart_Study_Tracker/backend/src/controllers/authController.js": {"path":"/home/prathamesh/MERN/Smart_Study_Tracker/backend/src/controllers/authController.js","statementMap":{"0":{"start":{"line":4,"column":24},"end":{"line":48,"column":1}},"1":{"start":{"line":5,"column":4},"end":{"line":47,"column":5}},"2":{"start":{"line":6,"column":46},"end":{"line":6,"column":54}},"3":{"start":{"line":9,"column":26},"end":{"line":13,"column":10}},"4":{"start":{"line":15,"column":8},"end":{"line":23,"column":9}},"5":{"start":{"line":16,"column":12},"end":{"line":22,"column":15}},"6":{"start":{"line":26,"column":21},"end":{"line":26,"column":69}},"7":{"start":{"line":29,"column":22},"end":{"line":29,"column":51}},"8":{"start":{"line":32,"column":8},"end":{"line":44,"column":11}},"9":{"start":{"line":46,"column":8},"end":{"line":46,"column":20}},"10":{"start":{"line":50,"column":21},"end":{"line":100,"column":1}},"11":{"start":{"line":51,"column":4},"end":{"line":99,"column":5}},"12":{"start":{"line":52,"column":36},"end":{"line":52,"column":44}},"13":{"start":{"line":55,"column":8},"end":{"line":60,"column":9}},"14":{"start":{"line":56,"column":12},"end":{"line":59,"column":15}},"15":{"start":{"line":63,"column":21},"end":{"line":63,"column":70}},"16":{"start":{"line":65,"column":8},"end":{"line":70,"column":9}},"17":{"start":{"line":66,"column":12},"end":{"line":69,"column":15}},"18":{"start":{"line":73,"column":24},"end":{"line":73,"column":58}},"19":{"start":{"line":75,"column":8},"end":{"line":80,"column":9}},"20":{"start":{"line":76,"column":12},"end":{"line":79,"column":15}},"21":{"start":{"line":83,"column":22},"end":{"line":83,"column":51}},"22":{"start":{"line":86,"column":8},"end":{"line":96,"column":11}},"23":{"start":{"line":98,"column":8},"end":{"line":98,"column":20}},"24":{"start":{"line":102,"column":26},"end":{"line":119,"column":1}},"25":{"start":{"line":103,"column":4},"end":{"line":118,"column":5}},"26":{"start":{"line":104,"column":21},"end":{"line":104,"column":54}},"27":{"start":{"line":105,"column":8},"end":{"line":115,"column":11}},"28":{"start":{"line":117,"column":8},"end":{"line":117,"column":20}}},"fnMap":{"0":{"name":"(anonymous_0)","decl":{"start":{"line":4,"column":24},"end":{"line":4,"column":25}},"loc":{"start":{"line":4,"column":50},"end":{"line":48,"column":1}},"line":4},"1":{"name":"(anonymous_1)","decl":{"start":{"line":50,"column":21},"end":{"line":50,"column":22}},"loc":{"start":{"line":50,"column":47},"end":{"line":100,"column":1}},"line":50},"2":{"name":"(anonymous_2)","decl":{"start":{"line":102,"column":26},"end":{"line":102,"column":27}},"loc":{"start":{"line":102,"column":52},"end":{"line":119,"column":1}},"line":102}},"branchMap":{"0":{"loc":{"start":{"line":15,"column":8},"end":{"line":23,"column":9}},"type":"if","locations":[{"start":{"line":15,"column":8},"end":{"line":23,"column":9}},{"start":{},"end":{}}],"line":15},"1":{"loc":{"start":{"line":19,"column":20},"end":{"line":21,"column":50}},"type":"cond-expr","locations":[{"start":{"line":20,"column":26},"end":{"line":20,"column":52}},{"start":{"line":21,"column":26},"end":{"line":21,"column":50}}],"line":19},"2":{"loc":{"start":{"line":55,"column":8},"end":{"line":60,"column":9}},"type":"if","locations":[{"start":{"line":55,"column":8},"end":{"line":60,"column":9}},{"start":{},"end":{}}],"line":55},"3":{"loc":{"start":{"line":55,"column":12},"end":{"line":55,"column":31}},"type":"binary-expr","locations":[{"start":{"line":55,"column":12},"end":{"line":55,"column":18}},{"start":{"line":55,"column":22},"end":{"line":55,"column":31}}],"line":55},"4":{"loc":{"start":{"line":65,"column":8},"end":{"line":70,"column":9}},"type":"if","locations":[{"start":{"line":65,"column":8},"end":{"line":70,"column":9}},{"start":{},"end":{}}],"line":65},"5":{"loc":{"start":{"line":75,"column":8},"end":{"line":80,"column":9}},"type":"if","locations":[{"start":{"line":75,"column":8},"end":{"line":80,"column":9}},{"start":{},"end":{}}],"line":75}},"s":{"0":1,"1":1,"2":1,"3":1,"4":1,"5":1,"6":0,"7":0,"8":0,"9":0,"10":1,"11":2,"12":2,"13":2,"14":0,"15":2,"16":2,"17":1,"18":1,"19":1,"20":0,"21":1,"22":1,"23":0,"24":1,"25":0,"26":0,"27":0,"28":0},"f":{"0":1,"1":2,"2":0},"b":{"0":[1,0],"1":[1,0],"2":[0,2],"3":[2,2],"4":[1,1],"5":[0,1]},"_coverageSchema":"1a1c01bbd47fc00a2c39e90264f33305004495a9","hash":"56501484d01b270b11296d37ab3d9c8135f6d791"}
,"/home/prathamesh/MERN/Smart_Study_Tracker/backend/src/controllers/stubjectContoller.js": {"path":"/home/prathamesh/MERN/Smart_Study_Tracker/backend/src/controllers/stubjectContoller.js","statementMap":{"0":{"start":{"line":5,"column":39},"end":{"line":29,"column":1}},"1":{"start":{"line":6,"column":4},"end":{"line":28,"column":5}},"2":{"start":{"line":7,"column":26},"end":{"line":7,"column":34}},"3":{"start":{"line":9,"column":8},"end":{"line":14,"column":9}},"4":{"start":{"line":10,"column":12},"end":{"line":13,"column":15}},"5":{"start":{"line":16,"column":24},"end":{"line":19,"column":10}},"6":{"start":{"line":21,"column":8},"end":{"line":24,"column":11}},"7":{"start":{"line":27,"column":8},"end":{"line":27,"column":20}},"8":{"start":{"line":33,"column":39},"end":{"line":49,"column":1}},"9":{"start":{"line":34,"column":4},"end":{"line":48,"column":5}},"10":{"start":{"line":36,"column":25},"end":{"line":38,"column":10}},"11":{"start":{"line":40,"column":8},"end":{"line":44,"column":11}},"12":{"start":{"line":47,"column":8},"end":{"line":47,"column":20}},"13":{"start":{"line":51,"column":38},"end":{"line":73,"column":1}},"14":{"start":{"line":52,"column":4},"end":{"line":72,"column":5}},"15":{"start":{"line":54,"column":24},"end":{"line":57,"column":10}},"16":{"start":{"line":59,"column":8},"end":{"line":64,"column":9}},"17":{"start":{"line":60,"column":12},"end":{"line":63,"column":15}},"18":{"start":{"line":66,"column":8},"end":{"line":69,"column":11}},"19":{"start":{"line":71,"column":8},"end":{"line":71,"column":19}},"20":{"start":{"line":75,"column":39},"end":{"line":111,"column":1}},"21":{"start":{"line":76,"column":2},"end":{"line":110,"column":3}},"22":{"start":{"line":78,"column":22},"end":{"line":78,"column":30}},"23":{"start":{"line":80,"column":4},"end":{"line":85,"column":5}},"24":{"start":{"line":81,"column":6},"end":{"line":84,"column":9}},"25":{"start":{"line":87,"column":20},"end":{"line":90,"column":6}},"26":{"start":{"line":92,"column":4},"end":{"line":97,"column":5}},"27":{"start":{"line":93,"column":6},"end":{"line":96,"column":9}},"28":{"start":{"line":99,"column":4},"end":{"line":99,"column":26}},"29":{"start":{"line":100,"column":4},"end":{"line":100,"column":25}},"30":{"start":{"line":102,"column":4},"end":{"line":106,"column":7}},"31":{"start":{"line":109,"column":4},"end":{"line":109,"column":16}},"32":{"start":{"line":113,"column":39},"end":{"line":146,"column":1}},"33":{"start":{"line":114,"column":2},"end":{"line":145,"column":3}},"34":{"start":{"line":116,"column":20},"end":{"line":119,"column":6}},"35":{"start":{"line":121,"column":4},"end":{"line":126,"column":5}},"36":{"start":{"line":122,"column":6},"end":{"line":125,"column":9}},"37":{"start":{"line":129,"column":4},"end":{"line":131,"column":7}},"38":{"start":{"line":134,"column":4},"end":{"line":136,"column":7}},"39":{"start":{"line":138,"column":4},"end":{"line":141,"column":7}},"40":{"start":{"line":144,"column":4},"end":{"line":144,"column":16}}},"fnMap":{"0":{"name":"(anonymous_0)","decl":{"start":{"line":5,"column":39},"end":{"line":5,"column":40}},"loc":{"start":{"line":5,"column":65},"end":{"line":29,"column":1}},"line":5},"1":{"name":"(anonymous_1)","decl":{"start":{"line":33,"column":39},"end":{"line":33,"column":40}},"loc":{"start":{"line":33,"column":65},"end":{"line":49,"column":1}},"line":33},"2":{"name":"(anonymous_2)","decl":{"start":{"line":51,"column":38},"end":{"line":51,"column":39}},"loc":{"start":{"line":51,"column":64},"end":{"line":73,"column":1}},"line":51},"3":{"name":"(anonymous_3)","decl":{"start":{"line":75,"column":39},"end":{"line":75,"column":40}},"loc":{"start":{"line":75,"column":65},"end":{"line":111,"column":1}},"line":75},"4":{"name":"(anonymous_4)","decl":{"start":{"line":113,"column":39},"end":{"line":113,"column":40}},"loc":{"start":{"line":113,"column":65},"end":{"line":146,"column":1}},"line":113}},"branchMap":{"0":{"loc":{"start":{"line":9,"column":8},"end":{"line":14,"column":9}},"type":"if","locations":[{"start":{"line":9,"column":8},"end":{"line":14,"column":9}},{"start":{},"end":{}}],"line":9},"1":{"loc":{"start":{"line":59,"column":8},"end":{"line":64,"column":9}},"type":"if","locations":[{"start":{"line":59,"column":8},"end":{"line":64,"column":9}},{"start":{},"end":{}}],"line":59},"2":{"loc":{"start":{"line":80,"column":4},"end":{"line":85,"column":5}},"type":"if","locations":[{"start":{"line":80,"column":4},"end":{"line":85,"column":5}},{"start":{},"end":{}}],"line":80},"3":{"loc":{"start":{"line":92,"column":4},"end":{"line":97,"column":5}},"type":"if","locations":[{"start":{"line":92,"column":4},"end":{"line":97,"column":5}},{"start":{},"end":{}}],"line":92},"4":{"loc":{"start":{"line":121,"column":4},"end":{"line":126,"column":5}},"type":"if","locations":[{"start":{"line":121,"column":4},"end":{"line":126,"column":5}},{"start":{},"end":{}}],"line":121}},"s":{"0":1,"1":0,"2":0,"3":0,"4":0,"5":0,"6":0,"7":0,"8":1,"9":0,"10":0,"11":0,"12":0,"13":1,"14":0,"15":0,"16":0,"17":0,"18":0,"19":0,"20":1,"21":0,"22":0,"23":0,"24":0,"25":0,"26":0,"27":0,"28":0,"29":0,"30":0,"31":0,"32":1,"33":0,"34":0,"35":0,"36":0,"37":0,"38":0,"39":0,"40":0},"f":{"0":0,"1":0,"2":0,"3":0,"4":0},"b":{"0":[0,0],"1":[0,0],"2":[0,0],"3":[0,0],"4":[0,0]},"_coverageSchema":"1a1c01bbd47fc00a2c39e90264f33305004495a9","hash":"c48fd68431b620ba631ac4aa4302357afd517938"}
,"/home/prathamesh/MERN/Smart_Study_Tracker/backend/src/controllers/subjectSessionController.js": {"path":"/home/prathamesh/MERN/Smart_Study_Tracker/backend/src/controllers/subjectSessionController.js","statementMap":{"0":{"start":{"line":5,"column":33},"end":{"line":45,"column":1}},"1":{"start":{"line":6,"column":2},"end":{"line":44,"column":3}},"2":{"start":{"line":8,"column":49},"end":{"line":8,"column":57}},"3":{"start":{"line":10,"column":4},"end":{"line":15,"column":5}},"4":{"start":{"line":11,"column":6},"end":{"line":14,"column":9}},"5":{"start":{"line":17,"column":20},"end":{"line":20,"column":6}},"6":{"start":{"line":22,"column":4},"end":{"line":27,"column":5}},"7":{"start":{"line":23,"column":6},"end":{"line":26,"column":9}},"8":{"start":{"line":29,"column":20},"end":{"line":35,"column":6}},"9":{"start":{"line":37,"column":4},"end":{"line":40,"column":7}},"10":{"start":{"line":43,"column":4},"end":{"line":43,"column":16}},"11":{"start":{"line":49,"column":46},"end":{"line":79,"column":1}},"12":{"start":{"line":50,"column":2},"end":{"line":78,"column":3}},"13":{"start":{"line":52,"column":26},"end":{"line":52,"column":36}},"14":{"start":{"line":54,"column":20},"end":{"line":57,"column":6}},"15":{"start":{"line":59,"column":4},"end":{"line":64,"column":5}},"16":{"start":{"line":60,"column":6},"end":{"line":63,"column":9}},"17":{"start":{"line":66,"column":21},"end":{"line":69,"column":25}},"18":{"start":{"line":71,"column":4},"end":{"line":74,"column":7}},"19":{"start":{"line":77,"column":4},"end":{"line":77,"column":16}},"20":{"start":{"line":83,"column":44},"end":{"line":112,"column":1}},"21":{"start":{"line":84,"column":2},"end":{"line":111,"column":3}},"22":{"start":{"line":86,"column":26},"end":{"line":86,"column":36}},"23":{"start":{"line":88,"column":20},"end":{"line":91,"column":6}},"24":{"start":{"line":93,"column":4},"end":{"line":98,"column":5}},"25":{"start":{"line":94,"column":6},"end":{"line":97,"column":9}},"26":{"start":{"line":100,"column":4},"end":{"line":102,"column":7}},"27":{"start":{"line":104,"column":4},"end":{"line":107,"column":7}},"28":{"start":{"line":110,"column":4},"end":{"line":110,"column":16}}},"fnMap":{"0":{"name":"(anonymous_0)","decl":{"start":{"line":5,"column":33},"end":{"line":5,"column":34}},"loc":{"start":{"line":5,"column":59},"end":{"line":45,"column":1}},"line":5},"1":{"name":"(anonymous_1)","decl":{"start":{"line":49,"column":46},"end":{"line":49,"column":47}},"loc":{"start":{"line":49,"column":72},"end":{"line":79,"column":1}},"line":49},"2":{"name":"(anonymous_2)","decl":{"start":{"line":83,"column":44},"end":{"line":83,"column":45}},"loc":{"start":{"line":83,"column":70},"end":{"line":112,"column":1}},"line":83}},"branchMap":{"0":{"loc":{"start":{"line":10,"column":4},"end":{"line":15,"column":5}},"type":"if","locations":[{"start":{"line":10,"column":4},"end":{"line":15,"column":5}},{"start":{},"end":{}}],"line":10},"1":{"loc":{"start":{"line":10,"column":8},"end":{"line":10,"column":31}},"type":"binary-expr","locations":[{"start":{"line":10,"column":8},"end":{"line":10,"column":18}},{"start":{"line":10,"column":22},"end":{"line":10,"column":31}}],"line":10},"2":{"loc":{"start":{"line":22,"column":4},"end":{"line":27,"column":5}},"type":"if","locations":[{"start":{"line":22,"column":4},"end":{"line":27,"column":5}},{"start":{},"end":{}}],"line":22},"3":{"loc":{"start":{"line":59,"column":4},"end":{"line":64,"column":5}},"type":"if","locations":[{"start":{"line":59,"column":4},"end":{"line":64,"column":5}},{"start":{},"end":{}}],"line":59},"4":{"loc":{"start":{"line":93,"column":4},"end":{"line":98,"column":5}},"type":"if","locations":[{"start":{"line":93,"column":4},"end":{"line":98,"column":5}},{"start":{},"end":{}}],"line":93}},"s":{"0":1,"1":0,"2":0,"3":0,"4":0,"5":0,"6":0,"7":0,"8":0,"9":0,"10":0,"11":1,"12":0,"13":0,"14":0,"15":0,"16":0,"17":0,"18":0,"19":0,"20":1,"21":0,"22":0,"23":0,"24":0,"25":0,"26":0,"27":0,"28":0},"f":{"0":0,"1":0,"2":0},"b":{"0":[0,0],"1":[0,0],"2":[0,0],"3":[0,0],"4":[0,0]},"_coverageSchema":"1a1c01bbd47fc00a2c39e90264f33305004495a9","hash":"7fea1ffec1f578480ae466cc33fb6ffa6b1f2102"}
,"/home/prathamesh/MERN/Smart_Study_Tracker/backend/src/middleware/auth.js": {"path":"/home/prathamesh/MERN/Smart_Study_Tracker/backend/src/middleware/auth.js","statementMap":{"0":{"start":{"line":4,"column":16},"end":{"line":58,"column":1}},"1":{"start":{"line":8,"column":4},"end":{"line":13,"column":5}},"2":{"start":{"line":11,"column":8},"end":{"line":11,"column":55}},"3":{"start":{"line":15,"column":4},"end":{"line":20,"column":5}},"4":{"start":{"line":16,"column":8},"end":{"line":19,"column":11}},"5":{"start":{"line":22,"column":4},"end":{"line":52,"column":5}},"6":{"start":{"line":25,"column":24},"end":{"line":25,"column":65}},"7":{"start":{"line":27,"column":21},"end":{"line":27,"column":72}},"8":{"start":{"line":30,"column":8},"end":{"line":35,"column":9}},"9":{"start":{"line":31,"column":12},"end":{"line":34,"column":15}},"10":{"start":{"line":37,"column":8},"end":{"line":37,"column":24}},"11":{"start":{"line":38,"column":8},"end":{"line":38,"column":21}},"12":{"start":{"line":41,"column":8},"end":{"line":46,"column":9}},"13":{"start":{"line":42,"column":12},"end":{"line":45,"column":15}},"14":{"start":{"line":48,"column":8},"end":{"line":51,"column":11}},"15":{"start":{"line":53,"column":4},"end":{"line":56,"column":7}}},"fnMap":{"0":{"name":"(anonymous_0)","decl":{"start":{"line":4,"column":16},"end":{"line":4,"column":17}},"loc":{"start":{"line":4,"column":42},"end":{"line":58,"column":1}},"line":4}},"branchMap":{"0":{"loc":{"start":{"line":8,"column":4},"end":{"line":13,"column":5}},"type":"if","locations":[{"start":{"line":8,"column":4},"end":{"line":13,"column":5}},{"start":{},"end":{}}],"line":8},"1":{"loc":{"start":{"line":8,"column":8},"end":{"line":9,"column":54}},"type":"binary-expr","locations":[{"start":{"line":8,"column":8},"end":{"line":8,"column":33}},{"start":{"line":9,"column":8},"end":{"line":9,"column":54}}],"line":8},"2":{"loc":{"start":{"line":15,"column":4},"end":{"line":20,"column":5}},"type":"if","locations":[{"start":{"line":15,"column":4},"end":{"line":20,"column":5}},{"start":{},"end":{}}],"line":15},"3":{"loc":{"start":{"line":30,"column":8},"end":{"line":35,"column":9}},"type":"if","locations":[{"start":{"line":30,"column":8},"end":{"line":35,"column":9}},{"start":{},"end":{}}],"line":30},"4":{"loc":{"start":{"line":41,"column":8},"end":{"line":46,"column":9}},"type":"if","locations":[{"start":{"line":41,"column":8},"end":{"line":46,"column":9}},{"start":{},"end":{}}],"line":41}},"s":{"0":1,"1":2,"2":2,"3":2,"4":0,"5":2,"6":2,"7":1,"8":1,"9":0,"10":1,"11":1,"12":1,"13":0,"14":1,"15":0},"f":{"0":2},"b":{"0":[2,0],"1":[2,2],"2":[0,2],"3":[0,1],"4":[0,1]},"_coverageSchema":"1a1c01bbd47fc00a2c39e90264f33305004495a9","hash":"89becddfd063167fdf56c858d8c0acbc9e003cf9"}
,"/home/prathamesh/MERN/Smart_Study_Tracker/backend/src/middleware/errorHandler.js": {"path":"/home/prathamesh/MERN/Smart_Study_Tracker/backend/src/middleware/errorHandler.js","statementMap":{"0":{"start":{"line":1,"column":21},"end":{"line":57,"column":1}},"1":{"start":{"line":2,"column":19},"end":{"line":2,"column":40}},"2":{"start":{"line":3,"column":16},"end":{"line":3,"column":45}},"3":{"start":{"line":5,"column":2},"end":{"line":9,"column":3}},"4":{"start":{"line":7,"column":4},"end":{"line":7,"column":35}},"5":{"start":{"line":8,"column":4},"end":{"line":8,"column":21}},"6":{"start":{"line":11,"column":2},"end":{"line":16,"column":3}},"7":{"start":{"line":13,"column":18},"end":{"line":13,"column":46}},"8":{"start":{"line":14,"column":4},"end":{"line":14,"column":40}},"9":{"start":{"line":15,"column":4},"end":{"line":15,"column":21}},"10":{"start":{"line":18,"column":2},"end":{"line":38,"column":3}},"11":{"start":{"line":34,"column":4},"end":{"line":36,"column":18}},"12":{"start":{"line":35,"column":18},"end":{"line":35,"column":29}},"13":{"start":{"line":37,"column":4},"end":{"line":37,"column":21}},"14":{"start":{"line":40,"column":2},"end":{"line":43,"column":3}},"15":{"start":{"line":41,"column":4},"end":{"line":41,"column":30}},"16":{"start":{"line":42,"column":4},"end":{"line":42,"column":21}},"17":{"start":{"line":45,"column":2},"end":{"line":48,"column":3}},"18":{"start":{"line":46,"column":4},"end":{"line":46,"column":30}},"19":{"start":{"line":47,"column":4},"end":{"line":47,"column":21}},"20":{"start":{"line":50,"column":2},"end":{"line":56,"column":5}}},"fnMap":{"0":{"name":"(anonymous_0)","decl":{"start":{"line":1,"column":21},"end":{"line":1,"column":22}},"loc":{"start":{"line":1,"column":46},"end":{"line":57,"column":1}},"line":1},"1":{"name":"(anonymous_1)","decl":{"start":{"line":35,"column":11},"end":{"line":35,"column":12}},"loc":{"start":{"line":35,"column":18},"end":{"line":35,"column":29}},"line":35}},"branchMap":{"0":{"loc":{"start":{"line":2,"column":19},"end":{"line":2,"column":40}},"type":"binary-expr","locations":[{"start":{"line":2,"column":19},"end":{"line":2,"column":33}},{"start":{"line":2,"column":37},"end":{"line":2,"column":40}}],"line":2},"1":{"loc":{"start":{"line":3,"column":16},"end":{"line":3,"column":45}},"type":"binary-expr","locations":[{"start":{"line":3,"column":16},"end":{"line":3,"column":27}},{"start":{"line":3,"column":31},"end":{"line":3,"column":45}}],"line":3},"2":{"loc":{"start":{"line":5,"column":2},"end":{"line":9,"column":3}},"type":"if","locations":[{"start":{"line":5,"column":2},"end":{"line":9,"column":3}},{"start":{},"end":{}}],"line":5},"3":{"loc":{"start":{"line":11,"column":2},"end":{"line":16,"column":3}},"type":"if","locations":[{"start":{"line":11,"column":2},"end":{"line":16,"column":3}},{"start":{},"end":{}}],"line":11},"4":{"loc":{"start":{"line":18,"column":2},"end":{"line":38,"column":3}},"type":"if","locations":[{"start":{"line":18,"column":2},"end":{"line":38,"column":3}},{"start":{},"end":{}}],"line":18},"5":{"loc":{"start":{"line":40,"column":2},"end":{"line":43,"column":3}},"type":"if","locations":[{"start":{"line":40,"column":2},"end":{"line":43,"column":3}},{"start":{},"end":{}}],"line":40},"6":{"loc":{"start":{"line":45,"column":2},"end":{"line":48,"column":3}},"type":"if","locations":[{"start":{"line":45,"column":2},"end":{"line":48,"column":3}},{"start":{},"end":{}}],"line":45},"7":{"loc":{"start":{"line":54,"column":8},"end":{"line":54,"column":70}},"type":"binary-expr","locations":[{"start":{"line":54,"column":8},"end":{"line":54,"column":46}},{"start":{"line":54,"column":50},"end":{"line":54,"column":70}}],"line":54}},"s":{"0":1,"1":0,"2":0,"3":0,"4":0,"5":0,"6":0,"7":0,"8":0,"9":0,"10":0,"11":0,"12":0,"13":0,"14":0,"15":0,"16":0,"17":0,"18":0,"19":0,"20":0},"f":{"0":0,"1":0},"b":{"0":[0,0],"1":[0,0],"2":[0,0],"3":[0,0],"4":[0,0],"5":[0,0],"6":[0,0],"7":[0,0]},"_coverageSchema":"1a1c01bbd47fc00a2c39e90264f33305004495a9","hash":"fe3dc86b0d656b698c6ac4db8a56fad34b0e5b83"}
,"/home/prathamesh/MERN/Smart_Study_Tracker/backend/src/models/StudySession.js": {"path":"/home/prathamesh/MERN/Smart_Study_Tracker/backend/src/models/StudySession.js","statementMap":{"0":{"start":{"line":3,"column":27},"end":{"line":35,"column":1}},"1":{"start":{"line":37,"column":21},"end":{"line":37,"column":71}}},"fnMap":{},"branchMap":{},"s":{"0":1,"1":1},"f":{},"b":{},"_coverageSchema":"1a1c01bbd47fc00a2c39e90264f33305004495a9","hash":"d9b0bbc99eefc925ee9e31d756e9d17a24a3d67c"}
,"/home/prathamesh/MERN/Smart_Study_Tracker/backend/src/models/Subject.js": {"path":"/home/prathamesh/MERN/Smart_Study_Tracker/backend/src/models/Subject.js","statementMap":{"0":{"start":{"line":3,"column":22},"end":{"line":20,"column":1}},"1":{"start":{"line":22,"column":16},"end":{"line":22,"column":56}}},"fnMap":{},"branchMap":{},"s":{"0":1,"1":1},"f":{},"b":{},"_coverageSchema":"1a1c01bbd47fc00a2c39e90264f33305004495a9","hash":"b242ee310ddfcc4bd1c204ed37452630f4a42b23"}
,"/home/prathamesh/MERN/Smart_Study_Tracker/backend/src/models/User.js": {"path":"/home/prathamesh/MERN/Smart_Study_Tracker/backend/src/models/User.js","statementMap":{"0":{"start":{"line":5,"column":26},"end":{"line":30,"column":1}},"1":{"start":{"line":32,"column":0},"end":{"line":36,"column":3}},"2":{"start":{"line":33,"column":4},"end":{"line":33,"column":45}},"3":{"start":{"line":33,"column":38},"end":{"line":33,"column":45}},"4":{"start":{"line":34,"column":17},"end":{"line":34,"column":41}},"5":{"start":{"line":35,"column":4},"end":{"line":35,"column":59}},"6":{"start":{"line":38,"column":0},"end":{"line":40,"column":2}},"7":{"start":{"line":39,"column":4},"end":{"line":39,"column":61}},"8":{"start":{"line":42,"column":13},"end":{"line":42,"column":47}}},"fnMap":{"0":{"name":"(anonymous_0)","decl":{"start":{"line":32,"column":23},"end":{"line":32,"column":24}},"loc":{"start":{"line":32,"column":41},"end":{"line":36,"column":1}},"line":32},"1":{"name":"name","decl":{"start":{"line":38,"column":50},"end":{"line":38,"column":54}},"loc":{"start":{"line":38,"column":70},"end":{"line":40,"column":1}},"line":38}},"branchMap":{"0":{"loc":{"start":{"line":33,"column":4},"end":{"line":33,"column":45}},"type":"if","locations":[{"start":{"line":33,"column":4},"end":{"line":33,"column":45}},{"start":{},"end":{}}],"line":33}},"s":{"0":1,"1":1,"2":0,"3":0,"4":0,"5":0,"6":1,"7":1,"8":1},"f":{"0":0,"1":1},"b":{"0":[0,0]},"_coverageSchema":"1a1c01bbd47fc00a2c39e90264f33305004495a9","hash":"4fcafe859474a8e2eec9ad1ccfb490fc186ef3b8"}
,"/home/prathamesh/MERN/Smart_Study_Tracker/backend/src/routes/authRoutes.js": {"path":"/home/prathamesh/MERN/Smart_Study_Tracker/backend/src/routes/authRoutes.js","statementMap":{"0":{"start":{"line":12,"column":15},"end":{"line":12,"column":31}},"1":{"start":{"line":14,"column":25},"end":{"line":27,"column":1}},"2":{"start":{"line":29,"column":23},"end":{"line":38,"column":1}},"3":{"start":{"line":41,"column":0},"end":{"line":41,"column":52}},"4":{"start":{"line":42,"column":0},"end":{"line":42,"column":45}},"5":{"start":{"line":45,"column":0},"end":{"line":45,"column":47}}},"fnMap":{},"branchMap":{},"s":{"0":1,"1":1,"2":1,"3":1,"4":1,"5":1},"f":{},"b":{},"_coverageSchema":"1a1c01bbd47fc00a2c39e90264f33305004495a9","hash":"b7e0fb4f897e6d88826104e037e9cf3fd9fd7469"}
,"/home/prathamesh/MERN/Smart_Study_Tracker/backend/src/routes/studySessionRoutes.js": {"path":"/home/prathamesh/MERN/Smart_Study_Tracker/backend/src/routes/studySessionRoutes.js","statementMap":{"0":{"start":{"line":9,"column":15},"end":{"line":9,"column":31}},"1":{"start":{"line":12,"column":0},"end":{"line":12,"column":20}},"2":{"start":{"line":15,"column":0},"end":{"line":15,"column":55}},"3":{"start":{"line":16,"column":0},"end":{"line":16,"column":81}},"4":{"start":{"line":17,"column":0},"end":{"line":17,"column":80}}},"fnMap":{},"branchMap":{},"s":{"0":1,"1":1,"2":1,"3":1,"4":1},"f":{},"b":{},"_coverageSchema":"1a1c01bbd47fc00a2c39e90264f33305004495a9","hash":"66a16f9b8881581f24af8e5e666f16bdf912afe2"}
,"/home/prathamesh/MERN/Smart_Study_Tracker/backend/src/routes/subjectRouters.js": {"path":"/home/prathamesh/MERN/Smart_Study_Tracker/backend/src/routes/subjectRouters.js","statementMap":{"0":{"start":{"line":11,"column":15},"end":{"line":11,"column":31}},"1":{"start":{"line":13,"column":0},"end":{"line":13,"column":20}},"2":{"start":{"line":15,"column":0},"end":{"line":15,"column":56}},"3":{"start":{"line":16,"column":0},"end":{"line":16,"column":55}},"4":{"start":{"line":17,"column":0},"end":{"line":17,"column":59}},"5":{"start":{"line":18,"column":0},"end":{"line":18,"column":59}},"6":{"start":{"line":19,"column":0},"end":{"line":19,"column":62}}},"fnMap":{},"branchMap":{},"s":{"0":1,"1":1,"2":1,"3":1,"4":1,"5":1,"6":1},"f":{},"b":{},"_coverageSchema":"1a1c01bbd47fc00a2c39e90264f33305004495a9","hash":"e028a1e0aaacaba106aeff0f13b8897f552445d3"}
,"/home/prathamesh/MERN/Smart_Study_Tracker/backend/src/utils/generateToken.js": {"path":"/home/prathamesh/MERN/Smart_Study_Tracker/backend/src/utils/generateToken.js","statementMap":{"0":{"start":{"line":3,"column":22},"end":{"line":6,"column":1}},"1":{"start":{"line":4,"column":4},"end":{"line":5,"column":53}}},"fnMap":{"0":{"name":"(anonymous_0)","decl":{"start":{"line":3,"column":22},"end":{"line":3,"column":23}},"loc":{"start":{"line":3,"column":36},"end":{"line":6,"column":1}},"line":3}},"branchMap":{"0":{"loc":{"start":{"line":5,"column":19},"end":{"line":5,"column":49}},"type":"binary-expr","locations":[{"start":{"line":5,"column":19},"end":{"line":5,"column":41}},{"start":{"line":5,"column":45},"end":{"line":5,"column":49}}],"line":5}},"s":{"0":1,"1":1},"f":{"0":1},"b":{"0":[1,0]},"_coverageSchema":"1a1c01bbd47fc00a2c39e90264f33305004495a9","hash":"1d16be57011c84202147d3a825ad3098b630b8be"}
}
