TN:
SF:src/app.js
FN:118,(anonymous_0)
FNF:1
FNH:1
FNDA:1,(anonymous_0)
DA:47,1
DA:65,1
DA:78,1
DA:86,1
DA:102,1
DA:103,1
DA:104,1
DA:111,1
DA:118,1
DA:119,1
LF:10
LH:10
BRF:0
BRH:0
end_of_record
TN:
SF:src/server.js
FN:71,(anonymous_0)
FN:90,(anonymous_1)
FNF:2
FNH:0
FNDA:0,(anonymous_0)
FNDA:0,(anonymous_1)
DA:53,0
DA:58,0
DA:66,0
DA:71,0
DA:72,0
DA:90,0
DA:92,0
DA:94,0
LF:8
LH:0
BRDA:66,0,0,0
BRDA:66,0,1,0
BRF:2
BRH:0
end_of_record
TN:
SF:src/config/db.js
FN:3,(anonymous_0)
FNF:1
FNH:0
FNDA:0,(anonymous_0)
DA:3,0
DA:4,0
DA:5,0
DA:6,0
DA:8,0
DA:9,0
LF:6
LH:0
BRF:0
BRH:0
end_of_record
TN:
SF:src/controllers/authController.js
FN:4,(anonymous_0)
FN:50,(anonymous_1)
FN:102,(anonymous_2)
FNF:3
FNH:2
FNDA:1,(anonymous_0)
FNDA:2,(anonymous_1)
FNDA:0,(anonymous_2)
DA:4,1
DA:5,1
DA:6,1
DA:9,1
DA:15,1
DA:16,1
DA:26,0
DA:29,0
DA:32,0
DA:46,0
DA:50,1
DA:51,2
DA:52,2
DA:55,2
DA:56,0
DA:63,2
DA:65,2
DA:66,1
DA:73,1
DA:75,1
DA:76,0
DA:83,1
DA:86,1
DA:98,0
DA:102,1
DA:103,0
DA:104,0
DA:105,0
DA:117,0
LF:29
LH:18
BRDA:15,0,0,1
BRDA:15,0,1,0
BRDA:19,1,0,1
BRDA:19,1,1,0
BRDA:55,2,0,0
BRDA:55,2,1,2
BRDA:55,3,0,2
BRDA:55,3,1,2
BRDA:65,4,0,1
BRDA:65,4,1,1
BRDA:75,5,0,0
BRDA:75,5,1,1
BRF:12
BRH:8
end_of_record
TN:
SF:src/controllers/stubjectContoller.js
FN:5,(anonymous_0)
FN:33,(anonymous_1)
FN:51,(anonymous_2)
FN:75,(anonymous_3)
FN:113,(anonymous_4)
FNF:5
FNH:0
FNDA:0,(anonymous_0)
FNDA:0,(anonymous_1)
FNDA:0,(anonymous_2)
FNDA:0,(anonymous_3)
FNDA:0,(anonymous_4)
DA:5,1
DA:6,0
DA:7,0
DA:9,0
DA:10,0
DA:16,0
DA:21,0
DA:27,0
DA:33,1
DA:34,0
DA:36,0
DA:40,0
DA:47,0
DA:51,1
DA:52,0
DA:54,0
DA:59,0
DA:60,0
DA:66,0
DA:71,0
DA:75,1
DA:76,0
DA:78,0
DA:80,0
DA:81,0
DA:87,0
DA:92,0
DA:93,0
DA:99,0
DA:100,0
DA:102,0
DA:109,0
DA:113,1
DA:114,0
DA:116,0
DA:121,0
DA:122,0
DA:129,0
DA:134,0
DA:138,0
DA:144,0
LF:41
LH:5
BRDA:9,0,0,0
BRDA:9,0,1,0
BRDA:59,1,0,0
BRDA:59,1,1,0
BRDA:80,2,0,0
BRDA:80,2,1,0
BRDA:92,3,0,0
BRDA:92,3,1,0
BRDA:121,4,0,0
BRDA:121,4,1,0
BRF:10
BRH:0
end_of_record
TN:
SF:src/controllers/subjectSessionController.js
FN:5,(anonymous_0)
FN:49,(anonymous_1)
FN:83,(anonymous_2)
FNF:3
FNH:0
FNDA:0,(anonymous_0)
FNDA:0,(anonymous_1)
FNDA:0,(anonymous_2)
DA:5,1
DA:6,0
DA:8,0
DA:10,0
DA:11,0
DA:17,0
DA:22,0
DA:23,0
DA:29,0
DA:37,0
DA:43,0
DA:49,1
DA:50,0
DA:52,0
DA:54,0
DA:59,0
DA:60,0
DA:66,0
DA:71,0
DA:77,0
DA:83,1
DA:84,0
DA:86,0
DA:88,0
DA:93,0
DA:94,0
DA:100,0
DA:104,0
DA:110,0
LF:29
LH:3
BRDA:10,0,0,0
BRDA:10,0,1,0
BRDA:10,1,0,0
BRDA:10,1,1,0
BRDA:22,2,0,0
BRDA:22,2,1,0
BRDA:59,3,0,0
BRDA:59,3,1,0
BRDA:93,4,0,0
BRDA:93,4,1,0
BRF:10
BRH:0
end_of_record
TN:
SF:src/middleware/auth.js
FN:4,(anonymous_0)
FNF:1
FNH:1
FNDA:2,(anonymous_0)
DA:4,1
DA:8,2
DA:11,2
DA:15,2
DA:16,0
DA:22,2
DA:25,2
DA:27,1
DA:30,1
DA:31,0
DA:37,1
DA:38,1
DA:41,1
DA:42,0
DA:48,1
DA:53,0
LF:16
LH:12
BRDA:8,0,0,2
BRDA:8,0,1,0
BRDA:8,1,0,2
BRDA:8,1,1,2
BRDA:15,2,0,0
BRDA:15,2,1,2
BRDA:30,3,0,0
BRDA:30,3,1,1
BRDA:41,4,0,0
BRDA:41,4,1,1
BRF:10
BRH:6
end_of_record
TN:
SF:src/middleware/errorHandler.js
FN:1,(anonymous_0)
FN:35,(anonymous_1)
FNF:2
FNH:0
FNDA:0,(anonymous_0)
FNDA:0,(anonymous_1)
DA:1,1
DA:2,0
DA:3,0
DA:5,0
DA:7,0
DA:8,0
DA:11,0
DA:13,0
DA:14,0
DA:15,0
DA:18,0
DA:34,0
DA:35,0
DA:37,0
DA:40,0
DA:41,0
DA:42,0
DA:45,0
DA:46,0
DA:47,0
DA:50,0
LF:21
LH:1
BRDA:2,0,0,0
BRDA:2,0,1,0
BRDA:3,1,0,0
BRDA:3,1,1,0
BRDA:5,2,0,0
BRDA:5,2,1,0
BRDA:11,3,0,0
BRDA:11,3,1,0
BRDA:18,4,0,0
BRDA:18,4,1,0
BRDA:40,5,0,0
BRDA:40,5,1,0
BRDA:45,6,0,0
BRDA:45,6,1,0
BRDA:54,7,0,0
BRDA:54,7,1,0
BRF:16
BRH:0
end_of_record
TN:
SF:src/models/StudySession.js
FNF:0
FNH:0
DA:3,1
DA:37,1
LF:2
LH:2
BRF:0
BRH:0
end_of_record
TN:
SF:src/models/Subject.js
FNF:0
FNH:0
DA:3,1
DA:22,1
LF:2
LH:2
BRF:0
BRH:0
end_of_record
TN:
SF:src/models/User.js
FN:32,(anonymous_0)
FN:38,name
FNF:2
FNH:1
FNDA:0,(anonymous_0)
FNDA:1,name
DA:5,1
DA:32,1
DA:33,0
DA:34,0
DA:35,0
DA:38,1
DA:39,1
DA:42,1
LF:8
LH:5
BRDA:33,0,0,0
BRDA:33,0,1,0
BRF:2
BRH:0
end_of_record
TN:
SF:src/routes/authRoutes.js
FNF:0
FNH:0
DA:12,1
DA:14,1
DA:29,1
DA:41,1
DA:42,1
DA:45,1
LF:6
LH:6
BRF:0
BRH:0
end_of_record
TN:
SF:src/routes/studySessionRoutes.js
FNF:0
FNH:0
DA:9,1
DA:12,1
DA:15,1
DA:16,1
DA:17,1
LF:5
LH:5
BRF:0
BRH:0
end_of_record
TN:
SF:src/routes/subjectRouters.js
FNF:0
FNH:0
DA:11,1
DA:13,1
DA:15,1
DA:16,1
DA:17,1
DA:18,1
DA:19,1
LF:7
LH:7
BRF:0
BRH:0
end_of_record
TN:
SF:src/utils/generateToken.js
FN:3,(anonymous_0)
FNF:1
FNH:1
FNDA:1,(anonymous_0)
DA:3,1
DA:4,1
LF:2
LH:2
BRDA:5,0,0,1
BRDA:5,0,1,0
BRF:2
BRH:1
end_of_record
