TN:
SF:src/app.js
FN:118,(anonymous_0)
FNF:1
FNH:1
FNDA:1,(anonymous_0)
DA:47,1
DA:65,1
DA:78,1
DA:86,1
DA:102,1
DA:103,1
DA:104,1
DA:111,1
DA:118,1
DA:119,1
LF:10
LH:10
BRF:0
BRH:0
end_of_record
TN:
SF:src/server.js
FN:71,(anonymous_0)
FN:90,(anonymous_1)
FNF:2
FNH:0
FNDA:0,(anonymous_0)
FNDA:0,(anonymous_1)
DA:53,0
DA:58,0
DA:66,0
DA:71,0
DA:72,0
DA:90,0
DA:92,0
DA:94,0
LF:8
LH:0
BRDA:66,0,0,0
BRDA:66,0,1,0
BRF:2
BRH:0
end_of_record
TN:
SF:src/config/db.js
FN:3,(anonymous_0)
FNF:1
FNH:1
FNDA:2,(anonymous_0)
DA:3,1
DA:4,2
DA:5,2
DA:6,1
DA:8,1
DA:9,1
LF:6
LH:6
BRF:0
BRH:0
end_of_record
TN:
SF:src/controllers/authController.js
FN:4,(anonymous_0)
FN:50,(anonymous_1)
FN:102,(anonymous_2)
FNF:3
FNH:3
FNDA:2,(anonymous_0)
FNDA:4,(anonymous_1)
FNDA:1,(anonymous_2)
DA:4,2
DA:5,2
DA:6,2
DA:9,2
DA:15,2
DA:16,1
DA:26,1
DA:29,1
DA:32,1
DA:46,0
DA:50,2
DA:51,4
DA:52,4
DA:55,4
DA:56,1
DA:63,3
DA:65,3
DA:66,1
DA:73,2
DA:75,2
DA:76,1
DA:83,1
DA:86,1
DA:98,0
DA:102,2
DA:103,1
DA:104,1
DA:105,1
DA:117,0
LF:29
LH:26
BRDA:15,0,0,1
BRDA:15,0,1,1
BRDA:19,1,0,1
BRDA:19,1,1,0
BRDA:55,2,0,1
BRDA:55,2,1,3
BRDA:55,3,0,4
BRDA:55,3,1,3
BRDA:65,4,0,1
BRDA:65,4,1,2
BRDA:75,5,0,1
BRDA:75,5,1,1
BRF:12
BRH:11
end_of_record
TN:
SF:src/controllers/stubjectContoller.js
FN:5,(anonymous_0)
FN:33,(anonymous_1)
FN:51,(anonymous_2)
FN:75,(anonymous_3)
FN:113,(anonymous_4)
FNF:5
FNH:5
FNDA:2,(anonymous_0)
FNDA:1,(anonymous_1)
FNDA:2,(anonymous_2)
FNDA:3,(anonymous_3)
FNDA:2,(anonymous_4)
DA:5,2
DA:6,2
DA:7,2
DA:9,2
DA:10,1
DA:16,1
DA:21,1
DA:27,0
DA:33,2
DA:34,1
DA:36,1
DA:40,1
DA:47,0
DA:51,2
DA:52,2
DA:54,2
DA:59,2
DA:60,1
DA:66,1
DA:71,0
DA:75,2
DA:76,3
DA:78,3
DA:80,3
DA:81,1
DA:87,2
DA:92,2
DA:93,1
DA:99,1
DA:100,1
DA:102,1
DA:109,0
DA:113,2
DA:114,2
DA:116,2
DA:121,2
DA:122,1
DA:129,1
DA:134,1
DA:138,1
DA:144,0
LF:41
LH:36
BRDA:9,0,0,1
BRDA:9,0,1,1
BRDA:59,1,0,1
BRDA:59,1,1,1
BRDA:80,2,0,1
BRDA:80,2,1,2
BRDA:92,3,0,1
BRDA:92,3,1,1
BRDA:121,4,0,1
BRDA:121,4,1,1
BRF:10
BRH:10
end_of_record
TN:
SF:src/controllers/subjectSessionController.js
FN:5,(anonymous_0)
FN:49,(anonymous_1)
FN:83,(anonymous_2)
FNF:3
FNH:3
FNDA:3,(anonymous_0)
FNDA:2,(anonymous_1)
FNDA:2,(anonymous_2)
DA:5,2
DA:6,3
DA:8,3
DA:10,3
DA:11,1
DA:17,2
DA:22,2
DA:23,1
DA:29,1
DA:37,1
DA:43,0
DA:49,2
DA:50,2
DA:52,2
DA:54,2
DA:59,2
DA:60,1
DA:66,1
DA:71,1
DA:77,0
DA:83,2
DA:84,2
DA:86,2
DA:88,2
DA:93,2
DA:94,1
DA:100,1
DA:104,1
DA:110,0
LF:29
LH:26
BRDA:10,0,0,1
BRDA:10,0,1,2
BRDA:10,1,0,3
BRDA:10,1,1,2
BRDA:22,2,0,1
BRDA:22,2,1,1
BRDA:59,3,0,1
BRDA:59,3,1,1
BRDA:93,4,0,1
BRDA:93,4,1,1
BRF:10
BRH:10
end_of_record
TN:
SF:src/middleware/auth.js
FN:4,(anonymous_0)
FNF:1
FNH:1
FNDA:5,(anonymous_0)
DA:4,2
DA:8,5
DA:11,4
DA:15,5
DA:16,1
DA:22,4
DA:25,4
DA:27,2
DA:30,2
DA:31,1
DA:37,1
DA:38,1
DA:41,2
DA:42,1
DA:48,1
DA:53,0
LF:16
LH:15
BRDA:8,0,0,4
BRDA:8,0,1,1
BRDA:8,1,0,5
BRDA:8,1,1,4
BRDA:15,2,0,1
BRDA:15,2,1,4
BRDA:30,3,0,1
BRDA:30,3,1,1
BRDA:41,4,0,1
BRDA:41,4,1,1
BRF:10
BRH:10
end_of_record
TN:
SF:src/middleware/errorHandler.js
FN:1,(anonymous_0)
FN:35,(anonymous_1)
FNF:2
FNH:2
FNDA:6,(anonymous_0)
FNDA:2,(anonymous_1)
DA:1,2
DA:2,6
DA:3,6
DA:5,6
DA:7,1
DA:8,1
DA:11,6
DA:13,1
DA:14,1
DA:15,1
DA:18,6
DA:34,1
DA:35,2
DA:37,1
DA:40,6
DA:41,1
DA:42,1
DA:45,6
DA:46,1
DA:47,1
DA:50,6
LF:21
LH:21
BRDA:2,0,0,6
BRDA:2,0,1,6
BRDA:3,1,0,6
BRDA:3,1,1,5
BRDA:5,2,0,1
BRDA:5,2,1,5
BRDA:11,3,0,1
BRDA:11,3,1,5
BRDA:18,4,0,1
BRDA:18,4,1,5
BRDA:40,5,0,1
BRDA:40,5,1,5
BRDA:45,6,0,1
BRDA:45,6,1,5
BRDA:54,7,0,6
BRDA:54,7,1,0
BRF:16
BRH:15
end_of_record
TN:
SF:src/models/StudySession.js
FNF:0
FNH:0
DA:3,3
DA:37,3
LF:2
LH:2
BRF:0
BRH:0
end_of_record
TN:
SF:src/models/Subject.js
FNF:0
FNH:0
DA:3,3
DA:22,3
LF:2
LH:2
BRF:0
BRH:0
end_of_record
TN:
SF:src/models/User.js
FN:32,(anonymous_0)
FN:38,name
FNF:2
FNH:0
FNDA:0,(anonymous_0)
FNDA:0,name
DA:5,2
DA:32,2
DA:33,0
DA:34,0
DA:35,0
DA:38,2
DA:39,0
DA:42,2
LF:8
LH:4
BRDA:33,0,0,0
BRDA:33,0,1,0
BRF:2
BRH:0
end_of_record
TN:
SF:src/routes/authRoutes.js
FNF:0
FNH:0
DA:12,1
DA:14,1
DA:29,1
DA:41,1
DA:42,1
DA:45,1
LF:6
LH:6
BRF:0
BRH:0
end_of_record
TN:
SF:src/routes/studySessionRoutes.js
FNF:0
FNH:0
DA:9,1
DA:12,1
DA:15,1
DA:16,1
DA:17,1
LF:5
LH:5
BRF:0
BRH:0
end_of_record
TN:
SF:src/routes/subjectRouters.js
FNF:0
FNH:0
DA:11,1
DA:13,1
DA:15,1
DA:16,1
DA:17,1
DA:18,1
DA:19,1
LF:7
LH:7
BRF:0
BRH:0
end_of_record
TN:
SF:src/utils/generateToken.js
FN:3,(anonymous_0)
FNF:1
FNH:1
FNDA:3,(anonymous_0)
DA:3,3
DA:4,3
LF:2
LH:2
BRDA:5,0,0,3
BRDA:5,0,1,0
BRF:2
BRH:1
end_of_record
